<?xml version="1.0" encoding="UTF-8"?>
<!-- Generated by org.testng.reporters.JUnitReportReporter -->
<testsuite skipped="0" hostname="LAPTOP-0P5Q4BUF" name="com.automationFramework.testcases.CalendarPageTest" tests="3" failures="0" timestamp="2020-08-09T19:50:19 IST" time="84.053" errors="0">
  <testcase name="userdpdwn" time="23.627" classname="com.automationFramework.testcases.CalendarPageTest"/>
  <system-out/>
  <testcase name="monthdd" time="27.465" classname="com.automationFramework.testcases.CalendarPageTest"/>
  <system-out/>
  <testcase name="yeardd" time="32.961" classname="com.automationFramework.testcases.CalendarPageTest"/>
  <system-out/>
</testsuite> <!-- com.automationFramework.testcases.CalendarPageTest -->
