<?xml version="1.0" encoding="UTF-8"?>
<!-- Generated by org.testng.reporters.JUnitReportReporter -->
<testsuite skipped="0" hostname="LAPTOP-0P5Q4BUF" name="com.automationFramework.testcases.HomePageTest" tests="4" failures="0" timestamp="2020-08-13T12:18:25 IST" time="91.070" errors="0">
  <testcase name="verifyHomePageTitleTest" time="27.989" classname="com.automationFramework.testcases.HomePageTest"/>
  <system-out/>
  <testcase name="verifyDisplayNameTest" time="19.626" classname="com.automationFramework.testcases.HomePageTest"/>
  <system-out/>
  <testcase name="clickoncontacts" time="22.574" classname="com.automationFramework.testcases.HomePageTest"/>
  <system-out/>
  <testcase name="clickoncalendar" time="20.881" classname="com.automationFramework.testcases.HomePageTest"/>
  <system-out/>
</testsuite> <!-- com.automationFramework.testcases.HomePageTest -->
