<?xml version="1.0" encoding="UTF-8"?>
<!-- Generated by org.testng.reporters.JUnitReportReporter -->
<testsuite skipped="0" hostname="LAPTOP-0P5Q4BUF" name="com.automationFramework.testcases.ContactsPageTest" tests="4" failures="0" timestamp="2020-08-13T12:18:25 IST" time="99.445" errors="0">
  <testcase name="verifycontactsTest" time="22.439" classname="com.automationFramework.testcases.ContactsPageTest"/>
  <system-out/>
  <testcase name="newcontactlinkTest" time="26.082" classname="com.automationFramework.testcases.ContactsPageTest"/>
  <system-out/>
  <testcase name="newcontactlinkTest" time="25.326" classname="com.automationFramework.testcases.ContactsPageTest"/>
  <system-out/>
  <testcase name="newcontactlinkTest" time="25.598" classname="com.automationFramework.testcases.ContactsPageTest"/>
  <system-out/>
</testsuite> <!-- com.automationFramework.testcases.ContactsPageTest -->
