<?xml version="1.0" encoding="UTF-8"?>
<!-- Generated by org.testng.reporters.JUnitReportReporter -->
<testsuite skipped="0" hostname="LAPTOP-0P5Q4BUF" name="com.automationFramework.testcases.LoginPageTest" tests="3" failures="0" timestamp="2020-08-13T12:18:25 IST" time="49.092" errors="0">
  <testcase name="loginPageTitleTest" time="11.861" classname="com.automationFramework.testcases.LoginPageTest"/>
  <system-out/>
  <testcase name="loginPagelogo" time="17.772" classname="com.automationFramework.testcases.LoginPageTest"/>
  <system-out/>
  <testcase name="crmlogin" time="19.459" classname="com.automationFramework.testcases.LoginPageTest"/>
  <system-out/>
</testsuite> <!-- com.automationFramework.testcases.LoginPageTest -->
