<?xml version="1.0" encoding="UTF-8"?>
<!-- Generated by org.testng.reporters.JUnitReportReporter -->
<testsuite skipped="0" hostname="LAPTOP-0P5Q4BUF" name="com.automationFramework.testcases.LoginPageTest" tests="3" failures="0" timestamp="2020-08-13T16:10:41 IST" time="38.576" errors="0">
  <testcase name="loginPageTitleTest" time="10.926" classname="com.automationFramework.testcases.LoginPageTest"/>
  <system-out/>
  <testcase name="loginPagelogo" time="11.164" classname="com.automationFramework.testcases.LoginPageTest"/>
  <system-out/>
  <testcase name="crmlogin" time="16.486" classname="com.automationFramework.testcases.LoginPageTest"/>
  <system-out/>
</testsuite> <!-- com.automationFramework.testcases.LoginPageTest -->
