<?xml version="1.0" encoding="UTF-8"?>
<!-- Generated by org.testng.reporters.JUnitReportReporter -->
<testsuite skipped="0" hostname="LAPTOP-0P5Q4BUF" name="com.automationFramework.testcases.HomePageTest" tests="4" failures="0" timestamp="2020-08-13T16:10:41 IST" time="81.023" errors="0">
  <testcase name="verifyHomePageTitleTest" time="23.858" classname="com.automationFramework.testcases.HomePageTest"/>
  <system-out/>
  <testcase name="verifyDisplayNameTest" time="18.100" classname="com.automationFramework.testcases.HomePageTest"/>
  <system-out/>
  <testcase name="clickoncontacts" time="18.189" classname="com.automationFramework.testcases.HomePageTest"/>
  <system-out/>
  <testcase name="clickoncalendar" time="20.876" classname="com.automationFramework.testcases.HomePageTest"/>
  <system-out/>
</testsuite> <!-- com.automationFramework.testcases.HomePageTest -->
