<?xml version="1.0" encoding="UTF-8"?>
<!-- Generated by org.testng.reporters.JUnitReportReporter -->
<testsuite skipped="0" hostname="LAPTOP-0P5Q4BUF" name="com.automationFramework.testcases.CalendarPageTest" tests="3" failures="0" timestamp="2020-08-13T16:10:41 IST" time="71.755" errors="0">
  <testcase name="userdpdwn" time="20.237" classname="com.automationFramework.testcases.CalendarPageTest"/>
  <system-out/>
  <testcase name="monthdd" time="21.083" classname="com.automationFramework.testcases.CalendarPageTest"/>
  <system-out/>
  <testcase name="yeardd" time="30.435" classname="com.automationFramework.testcases.CalendarPageTest"/>
  <system-out/>
</testsuite> <!-- com.automationFramework.testcases.CalendarPageTest -->
