<?xml version="1.0" encoding="UTF-8"?>
<!-- Generated by org.testng.reporters.JUnitReportReporter -->
<testsuite skipped="0" hostname="LAPTOP-0P5Q4BUF" name="com.automationFramework.testcases.ContactsPageTest" tests="4" failures="0" timestamp="2020-08-13T16:10:41 IST" time="87.517" errors="0">
  <testcase name="verifycontactsTest" time="19.287" classname="com.automationFramework.testcases.ContactsPageTest"/>
  <system-out/>
  <testcase name="newcontactlinkTest" time="20.823" classname="com.automationFramework.testcases.ContactsPageTest"/>
  <system-out/>
  <testcase name="newcontactlinkTest" time="22.510" classname="com.automationFramework.testcases.ContactsPageTest"/>
  <system-out/>
  <testcase name="newcontactlinkTest" time="24.897" classname="com.automationFramework.testcases.ContactsPageTest"/>
  <system-out/>
</testsuite> <!-- com.automationFramework.testcases.ContactsPageTest -->
